<?xml version="1.0" encoding="UTF-8"?>
<!-- Generated by org.testng.reporters.JUnitReportReporter -->
<testsuite skipped="0" hostname="A2ML30049" name="io.mosip.preregistration.tests.PreRegistrationSmoke" tests="5" failures="0" timestamp="13 May 2020 10:32:20 GMT" time="12.815" errors="0">
  <testcase name="generateOtp" time="8.915" classname="io.mosip.preregistration.tests.PreRegistrationSmoke"/>
  <testcase name="createApplication" time="1.152" classname="io.mosip.preregistration.tests.PreRegistrationSmoke"/>
  <testcase name="documentUpload" time="1.675" classname="io.mosip.preregistration.tests.PreRegistrationSmoke"/>
  <testcase name="fetchCenter" time="0.560" classname="io.mosip.preregistration.tests.PreRegistrationSmoke"/>
  <testcase name="bookAppointment" time="0.513" classname="io.mosip.preregistration.tests.PreRegistrationSmoke"/>
</testsuite> <!-- io.mosip.preregistration.tests.PreRegistrationSmoke -->
